# JRE version: OpenJDK Runtime Environment (17.0.6) (build 17.0.6+0-b2043.56-10027231)
# Java VM: OpenJDK 64-Bit Server VM (17.0.6+0-b2043.56-10027231, mixed mode, tiered, compressed oops, compressed class ptrs, g1 gc, windows-amd64)
GC Precious Log:
 CPUs: 16 total, 16 available
 Memory: 15724M
 Large Page Support: Disabled
 NUMA Support: Disabled
 Compressed Oops: Enabled (32-bit)
 Heap Region Size: 1M
 Heap Min Capacity: 8M
 Heap Initial Capacity: 246M
 Heap Max Capacity: 2G
 Pre-touch: Disabled
 Parallel Workers: 13
 Concurrent Workers: 3
 Concurrent Refinement Workers: 13
 Periodic GC: Disabled
Heap:
 garbage-first heap   total 117760K, used 72290K [0x0000000080000000, 0x0000000100000000)
  region size 1024K, 13 young (13312K), 4 survivors (4096K)
 Metaspace       used 69614K, committed 70080K, reserved 1114112K
  class space    used 8990K, committed 9216K, reserved 1048576K
GC Heap History (20 events):
Event: 4.513 GC heap before
{Heap before GC invocations=11 (full 0):
 garbage-first heap   total 98304K, used 71429K [0x0000000080000000, 0x0000000100000000)
  region size 1024K, 41 young (41984K), 3 survivors (3072K)
 Metaspace       used 49318K, committed 49664K, reserved 1097728K
  class space    used 6453K, committed 6592K, reserved 1048576K
}
Event: 4.517 GC heap after
{Heap after GC invocations=12 (full 0):
 garbage-first heap   total 98304K, used 35077K [0x0000000080000000, 0x0000000100000000)
  region size 1024K, 6 young (6144K), 6 survivors (6144K)
 Metaspace       used 49318K, committed 49664K, reserved 1097728K
  class space    used 6453K, committed 6592K, reserved 1048576K
}
Event: 5.000 GC heap before
{Heap before GC invocations=12 (full 0):
 garbage-first heap   total 98304K, used 80133K [0x0000000080000000, 0x0000000100000000)
  region size 1024K, 43 young (44032K), 6 survivors (6144K)
 Metaspace       used 50840K, committed 51264K, reserved 1097728K
  class space    used 6664K, committed 6848K, reserved 1048576K
}
Event: 5.004 GC heap after
{Heap after GC invocations=13 (full 0):
 garbage-first heap   total 98304K, used 51970K [0x0000000080000000, 0x0000000100000000)
  region size 1024K, 6 young (6144K), 6 survivors (6144K)
 Metaspace       used 50840K, committed 51264K, reserved 1097728K
  class space    used 6664K, committed 6848K, reserved 1048576K
}
Event: 5.255 GC heap before
{Heap before GC invocations=13 (full 0):
 garbage-first heap   total 98304K, used 73474K [0x0000000080000000, 0x0000000100000000)
  region size 1024K, 27 young (27648K), 6 survivors (6144K)
 Metaspace       used 54332K, committed 54848K, reserved 1097728K
  class space    used 7093K, committed 7360K, reserved 1048576K
}
Event: 5.258 GC heap after
{Heap after GC invocations=14 (full 0):
 garbage-first heap   total 98304K, used 53278K [0x0000000080000000, 0x0000000100000000)
  region size 1024K, 2 young (2048K), 2 survivors (2048K)
 Metaspace       used 54332K, committed 54848K, reserved 1097728K
  class space    used 7093K, committed 7360K, reserved 1048576K
}
Event: 5.574 GC heap before
{Heap before GC invocations=15 (full 0):
 garbage-first heap   total 98304K, used 75806K [0x0000000080000000, 0x0000000100000000)
  region size 1024K, 24 young (24576K), 2 survivors (2048K)
 Metaspace       used 58756K, committed 59200K, reserved 1105920K
  class space    used 7599K, committed 7808K, reserved 1048576K
}
Event: 5.576 GC heap after
{Heap after GC invocations=16 (full 0):
 garbage-first heap   total 98304K, used 53955K [0x0000000080000000, 0x0000000100000000)
  region size 1024K, 2 young (2048K), 2 survivors (2048K)
 Metaspace       used 58756K, committed 59200K, reserved 1105920K
  class space    used 7599K, committed 7808K, reserved 1048576K
}
Event: 5.867 GC heap before
{Heap before GC invocations=16 (full 0):
 garbage-first heap   total 98304K, used 76483K [0x0000000080000000, 0x0000000100000000)
  region size 1024K, 25 young (25600K), 2 survivors (2048K)
 Metaspace       used 62642K, committed 63168K, reserved 1105920K
  class space    used 8121K, committed 8384K, reserved 1048576K
}
Event: 5.882 GC heap after
{Heap after GC invocations=17 (full 0):
 garbage-first heap   total 98304K, used 58981K [0x0000000080000000, 0x0000000100000000)
  region size 1024K, 4 young (4096K), 4 survivors (4096K)
 Metaspace       used 62642K, committed 63168K, reserved 1105920K
  class space    used 8121K, committed 8384K, reserved 1048576K
}
Event: 6.058 GC heap before
{Heap before GC invocations=18 (full 0):
 garbage-first heap   total 104448K, used 76389K [0x0000000080000000, 0x0000000100000000)
  region size 1024K, 21 young (21504K), 4 survivors (4096K)
 Metaspace       used 64558K, committed 65024K, reserved 1105920K
  class space    used 8363K, committed 8576K, reserved 1048576K
}
Event: 6.061 GC heap after
{Heap after GC invocations=19 (full 0):
 garbage-first heap   total 104448K, used 59926K [0x0000000080000000, 0x0000000100000000)
  region size 1024K, 2 young (2048K), 2 survivors (2048K)
 Metaspace       used 64558K, committed 65024K, reserved 1105920K
  class space    used 8363K, committed 8576K, reserved 1048576K
}
Event: 6.152 GC heap before
{Heap before GC invocations=19 (full 0):
 garbage-first heap   total 104448K, used 68118K [0x0000000080000000, 0x0000000100000000)
  region size 1024K, 12 young (12288K), 2 survivors (2048K)
 Metaspace       used 65526K, committed 65984K, reserved 1114112K
  class space    used 8461K, committed 8704K, reserved 1048576K
}
Event: 6.154 GC heap after
{Heap after GC invocations=20 (full 0):
 garbage-first heap   total 104448K, used 60820K [0x0000000080000000, 0x0000000100000000)
  region size 1024K, 3 young (3072K), 3 survivors (3072K)
 Metaspace       used 65526K, committed 65984K, reserved 1114112K
  class space    used 8461K, committed 8704K, reserved 1048576K
}
Event: 6.424 GC heap before
{Heap before GC invocations=21 (full 0):
 garbage-first heap   total 111616K, used 83348K [0x0000000080000000, 0x0000000100000000)
  region size 1024K, 24 young (24576K), 3 survivors (3072K)
 Metaspace       used 68035K, committed 68544K, reserved 1114112K
  class space    used 8798K, committed 9024K, reserved 1048576K
}
Event: 6.426 GC heap after
{Heap after GC invocations=22 (full 0):
 garbage-first heap   total 111616K, used 61397K [0x0000000080000000, 0x0000000100000000)
  region size 1024K, 2 young (2048K), 2 survivors (2048K)
 Metaspace       used 68035K, committed 68544K, reserved 1114112K
  class space    used 8798K, committed 9024K, reserved 1048576K
}
Event: 6.460 GC heap before
{Heap before GC invocations=22 (full 0):
 garbage-first heap   total 111616K, used 64469K [0x0000000080000000, 0x0000000100000000)
  region size 1024K, 5 young (5120K), 2 survivors (2048K)
 Metaspace       used 68266K, committed 68736K, reserved 1114112K
  class space    used 8812K, committed 9024K, reserved 1048576K
}
Event: 6.462 GC heap after
{Heap after GC invocations=23 (full 0):
 garbage-first heap   total 111616K, used 61821K [0x0000000080000000, 0x0000000100000000)
  region size 1024K, 1 young (1024K), 1 survivors (1024K)
 Metaspace       used 68266K, committed 68736K, reserved 1114112K
  class space    used 8812K, committed 9024K, reserved 1048576K
}
Event: 6.608 GC heap before
{Heap before GC invocations=23 (full 0):
 garbage-first heap   total 111616K, used 89469K [0x0000000080000000, 0x0000000100000000)
  region size 1024K, 28 young (28672K), 1 survivors (1024K)
 Metaspace       used 68856K, committed 69376K, reserved 1114112K
  class space    used 8904K, committed 9152K, reserved 1048576K
}
Event: 6.610 GC heap after
{Heap after GC invocations=24 (full 0):
 garbage-first heap   total 111616K, used 65122K [0x0000000080000000, 0x0000000100000000)
  region size 1024K, 4 young (4096K), 4 survivors (4096K)
 Metaspace       used 68856K, committed 69376K, reserved 1114112K
  class space    used 8904K, committed 9152K, reserved 1048576K
}

